<?xml version="1.0" encoding="UTF-8"?>
<testng-results ignored="0" total="1" passed="1" failed="0" skipped="0">
  <reporter-output>
  </reporter-output>
  <suite started-at="2022-07-08T14:43:52 IST" name="Default suite" finished-at="2022-07-08T14:44:11 IST" duration-ms="19720">
    <groups>
    </groups>
    <test started-at="2022-07-08T14:43:52 IST" name="Default test" finished-at="2022-07-08T14:44:11 IST" duration-ms="19720">
      <class name="ATS.SeleniumTrainings.CS008_Frames">
        <test-method signature="DragAndDrop()[pri:0, instance:ATS.SeleniumTrainings.CS008_Frames@47d9a273]" started-at="2022-07-08T14:43:52 IST" name="DragAndDrop" finished-at="2022-07-08T14:44:11 IST" duration-ms="19689" status="PASS">
          <reporter-output>
          </reporter-output>
        </test-method> <!-- DragAndDrop -->
      </class> <!-- ATS.SeleniumTrainings.CS008_Frames -->
    </test> <!-- Default test -->
  </suite> <!-- Default suite -->
</testng-results>
